0 info it worked if it ends with ok
1 verbose cli [ '/usr/bin/node', '/usr/bin/npm', 'i', '-D', '@playwright/test' ]
2 info using npm@3.5.2
3 info using node@v8.10.0
4 silly loadCurrentTree Starting
5 silly install loadCurrentTree
6 silly install readLocalPackageData
7 silly fetchPackageMetaData @playwright/test
8 silly fetchNamedPackageData @playwright/test
9 silly mapToRegistry name @playwright/test
10 silly mapToRegistry scope (from package name) @playwright
11 verbose mapToRegistry no registry URL found in name for scope @playwright
12 silly mapToRegistry using default registry
13 silly mapToRegistry registry https://registry.npmjs.org/
14 silly mapToRegistry uri https://registry.npmjs.org/@playwright%2ftest
15 verbose request uri https://registry.npmjs.org/@playwright%2ftest
16 verbose request no auth needed
17 info attempt registry request try #1 at 8:29:41 PM
18 verbose request id 9e34c7daf9c474cd
19 http request GET https://registry.npmjs.org/@playwright%2ftest
20 info retry will retry, error on last attempt: Error: self signed certificate in certificate chain
21 info attempt registry request try #2 at 8:29:51 PM
22 http request GET https://registry.npmjs.org/@playwright%2ftest
23 info retry will retry, error on last attempt: Error: self signed certificate in certificate chain
24 info attempt registry request try #3 at 8:30:51 PM
25 http request GET https://registry.npmjs.org/@playwright%2ftest
26 silly fetchPackageMetaData Error: self signed certificate in certificate chain
26 silly fetchPackageMetaData     at TLSSocket.<anonymous> (_tls_wrap.js:1105:38)
26 silly fetchPackageMetaData     at emitNone (events.js:106:13)
26 silly fetchPackageMetaData     at TLSSocket.emit (events.js:208:7)
26 silly fetchPackageMetaData     at TLSSocket._finishInit (_tls_wrap.js:639:8)
26 silly fetchPackageMetaData     at TLSWrap.ssl.onhandshakedone (_tls_wrap.js:469:38)
26 silly fetchPackageMetaData  error for @playwright/test { Error: self signed certificate in certificate chain
26 silly fetchPackageMetaData     at TLSSocket.<anonymous> (_tls_wrap.js:1105:38)
26 silly fetchPackageMetaData     at emitNone (events.js:106:13)
26 silly fetchPackageMetaData     at TLSSocket.emit (events.js:208:7)
26 silly fetchPackageMetaData     at TLSSocket._finishInit (_tls_wrap.js:639:8)
26 silly fetchPackageMetaData     at TLSWrap.ssl.onhandshakedone (_tls_wrap.js:469:38) code: 'SELF_SIGNED_CERT_IN_CHAIN' }
27 silly rollbackFailedOptional Starting
28 silly rollbackFailedOptional Finishing
29 silly runTopLevelLifecycles Starting
30 silly runTopLevelLifecycles Finishing
31 silly install printInstalled
32 verbose stack Error: self signed certificate in certificate chain
32 verbose stack     at TLSSocket.<anonymous> (_tls_wrap.js:1105:38)
32 verbose stack     at emitNone (events.js:106:13)
32 verbose stack     at TLSSocket.emit (events.js:208:7)
32 verbose stack     at TLSSocket._finishInit (_tls_wrap.js:639:8)
32 verbose stack     at TLSWrap.ssl.onhandshakedone (_tls_wrap.js:469:38)
33 verbose cwd /home/ashok/Desktop/DB
34 error Linux 4.15.0-163-generic
35 error argv "/usr/bin/node" "/usr/bin/npm" "i" "-D" "@playwright/test"
36 error node v8.10.0
37 error npm  v3.5.2
38 error code SELF_SIGNED_CERT_IN_CHAIN
39 error self signed certificate in certificate chain
40 error If you need help, you may report this error at:
40 error     <https://github.com/npm/npm/issues>
41 verbose exit [ 1, true ]
